1520264238 -1 -1
1520264238 0 0 0 0
1520264228 0 0 0 0
1520264100 0 0 0 0
1520263800 0 0 0 0
1520263500 0 0 0 0
1520263200 0 0 0 0
1520262900 0 0 0 0
1520262600 0 0 0 0
1520262300 0 0 0 0
1520262000 0 0 0 0
1520261700 0 0 0 0
1520261400 0 0 0 0
1520261100 0 0 0 0
1520260800 0 0 0 0
1520260500 0 0 0 0
1520260200 0 0 0 0
1520259900 0 0 0 0
1520259600 0 0 0 0
1520259300 0 0 0 0
1520259000 0 0 0 0
1520258700 0 0 0 0
1520258400 0 0 0 0
1520258100 0 0 0 0
1520257800 0 0 0 0
1520257500 0 0 0 0
1520257200 0 0 0 0
1520256900 0 0 0 0
1520256600 0 0 0 0
1520256300 0 0 0 0
1520256000 0 0 0 0
1520255700 0 0 0 0
1520255400 0 0 0 0
1520255100 0 0 0 0
1520254800 0 0 0 0
1520254500 0 0 0 0
1520254200 0 0 0 0
1520253900 0 0 0 0
1520253600 0 0 0 0
1520253300 0 0 0 0
1520253000 0 0 0 0
1520252700 0 0 0 0
1520252400 0 0 0 0
1520252100 0 0 0 0
1520251800 0 0 0 0
1520251500 0 0 0 0
1520251200 0 0 0 0
1520250900 0 0 0 0
1520250600 0 0 0 0
1520250300 0 0 0 0
1520250000 0 0 0 0
1520249700 0 0 0 0
1520249400 0 0 0 0
1520249100 0 0 0 0
1520248800 0 0 0 0
1520248500 0 0 0 0
1520248200 0 0 0 0
1520247900 0 0 0 0
1520247600 0 0 0 0
1520247300 0 0 0 0
1520247000 0 0 0 0
1520246700 0 0 0 0
1520246400 0 0 0 0
1520246100 0 0 0 0
1520245800 0 0 0 0
1520245500 0 0 0 0
1520245200 0 0 0 0
1520244900 0 0 0 0
1520244600 0 0 0 0
1520244300 0 0 0 0
1520244000 0 0 0 0
1520243700 0 0 0 0
1520243400 0 0 0 0
1520243100 0 0 0 0
1520242800 0 0 0 0
1520242500 0 0 0 0
1520242200 0 0 0 0
1520241900 0 0 0 0
1520241600 0 0 0 0
1520241300 0 0 0 0
1520241000 0 0 0 0
1520240700 0 0 0 0
1520240400 0 0 0 0
1520240100 0 0 0 0
1520239800 0 0 0 0
1520239500 0 0 0 0
1520239200 0 0 0 0
1520238900 0 0 0 0
1520238600 0 0 0 0
1520238300 0 0 0 0
1520238000 0 0 0 0
1520237700 0 0 0 0
1520237400 0 0 0 0
1520237100 0 0 0 0
1520236800 0 0 0 0
1520236500 0 0 0 0
1520236200 0 0 0 0
1520235900 0 0 0 0
1520235600 0 0 0 0
1520235300 0 0 0 0
1520235000 0 0 0 0
1520234700 0 0 0 0
1520234400 0 0 0 0
1520234100 0 0 0 0
1520233800 0 0 0 0
1520233500 0 0 0 0
1520233200 0 0 0 0
1520232900 0 0 0 0
1520232600 0 0 0 0
1520232300 0 0 0 0
1520232000 0 0 0 0
1520231700 0 0 0 0
1520231400 0 0 0 0
1520231100 0 0 0 0
1520230800 0 0 0 0
1520230500 0 0 0 0
1520230200 0 0 0 0
1520229900 0 0 0 0
1520229600 0 0 0 0
1520229300 0 0 0 0
1520229000 0 0 0 0
1520228700 0 0 0 0
1520228400 0 0 0 0
1520228100 0 0 0 0
1520227800 0 0 0 0
1520227500 0 0 0 0
1520227200 0 0 0 0
1520226900 0 0 0 0
1520226600 0 0 0 0
1520226300 0 0 0 0
1520226000 0 0 0 0
1520225700 0 0 0 0
1520225400 0 0 0 0
1520225100 0 0 0 0
1520224800 0 0 0 0
1520224500 0 0 0 0
1520224200 0 0 0 0
1520223900 0 0 0 0
1520223600 0 0 0 0
1520223300 0 0 0 0
1520223000 0 0 0 0
1520222700 0 0 0 0
1520222400 0 0 0 0
1520222100 0 0 0 0
1520221800 0 0 0 0
1520221500 0 0 0 0
1520221200 0 0 0 0
1520220900 0 0 0 0
1520220600 0 0 0 0
1520220300 0 0 0 0
1520220000 0 0 0 0
1520219700 0 0 0 0
1520219400 0 0 0 0
1520219100 0 0 0 0
1520218800 0 0 0 0
1520218500 0 0 0 0
1520218200 0 0 0 0
1520217900 0 0 0 0
1520217600 0 0 0 0
1520217300 0 0 0 0
1520217000 0 0 0 0
1520216700 0 0 0 0
1520216400 0 0 0 0
1520216100 0 0 0 0
1520215800 0 0 0 0
1520215500 0 0 0 0
1520215200 0 0 0 0
1520214900 0 0 0 0
1520214600 0 0 0 0
1520214300 0 0 0 0
1520214000 0 0 0 0
1520213700 0 0 0 0
1520213400 0 0 0 0
1520213100 0 0 0 0
1520212800 0 0 0 0
1520212500 0 0 0 0
1520212200 0 0 0 0
1520211900 0 0 0 0
1520211600 0 0 0 0
1520211300 0 0 0 0
1520211000 0 0 0 0
1520210700 0 0 0 0
1520210400 0 0 0 0
1520210100 0 0 0 0
1520209800 0 0 0 0
1520209500 0 0 0 0
1520209200 0 0 0 0
1520208900 0 0 0 0
1520208600 0 0 0 0
1520208300 0 0 0 0
1520208000 0 0 0 0
1520207700 0 0 0 0
1520207400 0 0 0 0
1520207100 0 0 0 0
1520206800 0 0 0 0
1520206500 0 0 0 0
1520206200 0 0 0 0
1520205900 0 0 0 0
1520205600 0 0 0 0
1520205300 0 0 0 0
1520205000 0 0 0 0
1520204700 0 0 0 0
1520204400 0 0 0 0
1520204100 0 0 0 0
1520203800 0 0 0 0
1520203500 0 0 0 0
1520203200 0 0 0 0
1520202900 0 0 0 0
1520202600 0 0 0 0
1520202300 0 0 0 0
1520202000 0 0 0 0
1520201700 0 0 0 0
1520201400 0 0 0 0
1520201100 0 0 0 0
1520200800 0 0 0 0
1520200500 0 0 0 0
1520200200 0 0 0 0
1520199900 0 0 0 0
1520199600 0 0 0 0
1520199300 0 0 0 0
1520199000 0 0 0 0
1520198700 0 0 0 0
1520198400 0 0 0 0
1520198100 0 0 0 0
1520197800 0 0 0 0
1520197500 0 0 0 0
1520197200 0 0 0 0
1520196900 0 0 0 0
1520196600 0 0 0 0
1520196300 0 0 0 0
1520196000 0 0 0 0
1520195700 0 0 0 0
1520195400 0 0 0 0
1520195100 0 0 0 0
1520194800 0 0 0 0
1520194500 0 0 0 0
1520194200 0 0 0 0
1520193900 0 0 0 0
1520193600 0 0 0 0
1520193300 0 0 0 0
1520193000 0 0 0 0
1520192700 0 0 0 0
1520192400 0 0 0 0
1520192100 0 0 0 0
1520191800 0 0 0 0
1520191500 0 0 0 0
1520191200 0 0 0 0
1520190900 0 0 0 0
1520190600 0 0 0 0
1520190300 0 0 0 0
1520190000 0 0 0 0
1520189700 0 0 0 0
1520189400 0 0 0 0
1520189100 0 0 0 0
1520188800 0 0 0 0
1520188500 0 0 0 0
1520188200 0 0 0 0
1520187900 0 0 0 0
1520187600 0 0 0 0
1520187300 0 0 0 0
1520187000 0 0 0 0
1520186700 0 0 0 0
1520186400 0 0 0 0
1520186100 0 0 0 0
1520185800 0 0 0 0
1520185500 0 0 0 0
1520185200 0 0 0 0
1520184900 0 0 0 0
1520184600 0 0 0 0
1520184300 0 0 0 0
1520184000 0 0 0 0
1520183700 0 0 0 0
1520183400 0 0 0 0
1520183100 0 0 0 0
1520182800 0 0 0 0
1520182500 0 0 0 0
1520182200 0 0 0 0
1520181900 0 0 0 0
1520181600 0 0 0 0
1520181300 0 0 0 0
1520181000 0 0 0 0
1520180700 0 0 0 0
1520180400 0 0 0 0
1520180100 0 0 0 0
1520179800 0 0 0 0
1520179500 0 0 0 0
1520179200 0 0 0 0
1520178900 0 0 0 0
1520178600 0 0 0 0
1520178300 0 0 0 0
1520178000 0 0 0 0
1520177700 0 0 0 0
1520177400 0 0 0 0
1520177100 0 0 0 0
1520176800 0 0 0 0
1520176500 0 0 0 0
1520176200 0 0 0 0
1520175900 0 0 0 0
1520175600 0 0 0 0
1520175300 0 0 0 0
1520175000 0 0 0 0
1520174700 0 0 0 0
1520174400 0 0 0 0
1520174100 0 0 0 0
1520173800 0 0 0 0
1520173500 0 0 0 0
1520173200 0 0 0 0
1520172900 0 0 0 0
1520172600 0 0 0 0
1520172300 0 0 0 0
1520172000 0 0 0 0
1520171700 0 0 0 0
1520171400 0 0 0 0
1520171100 0 0 0 0
1520170800 0 0 0 0
1520170500 0 0 0 0
1520170200 0 0 0 0
1520169900 0 0 0 0
1520169600 0 0 0 0
1520169300 0 0 0 0
1520169000 0 0 0 0
1520168700 0 0 0 0
1520168400 0 0 0 0
1520168100 0 0 0 0
1520167800 0 0 0 0
1520167500 0 0 0 0
1520167200 0 0 0 0
1520166900 0 0 0 0
1520166600 0 0 0 0
1520166300 0 0 0 0
1520166000 0 0 0 0
1520165700 0 0 0 0
1520165400 0 0 0 0
1520165100 0 0 0 0
1520164800 0 0 0 0
1520164500 0 0 0 0
1520164200 0 0 0 0
1520163900 0 0 0 0
1520163600 0 0 0 0
1520163300 0 0 0 0
1520163000 0 0 0 0
1520162700 0 0 0 0
1520162400 0 0 0 0
1520162100 0 0 0 0
1520161800 0 0 0 0
1520161500 0 0 0 0
1520161200 0 0 0 0
1520160900 0 0 0 0
1520160600 0 0 0 0
1520160300 0 0 0 0
1520160000 0 0 0 0
1520159700 0 0 0 0
1520159400 0 0 0 0
1520159100 0 0 0 0
1520158800 0 0 0 0
1520158500 0 0 0 0
1520158200 0 0 0 0
1520157900 0 0 0 0
1520157600 0 0 0 0
1520157300 0 0 0 0
1520157000 0 0 0 0
1520156700 0 0 0 0
1520156400 0 0 0 0
1520156100 0 0 0 0
1520155800 0 0 0 0
1520155500 0 0 0 0
1520155200 0 0 0 0
1520154900 0 0 0 0
1520154600 0 0 0 0
1520154300 0 0 0 0
1520154000 0 0 0 0
1520153700 0 0 0 0
1520153400 0 0 0 0
1520153100 0 0 0 0
1520152800 0 0 0 0
1520152500 0 0 0 0
1520152200 0 0 0 0
1520151900 0 0 0 0
1520151600 0 0 0 0
1520151300 0 0 0 0
1520151000 0 0 0 0
1520150700 0 0 0 0
1520150400 0 0 0 0
1520150100 0 0 0 0
1520149800 0 0 0 0
1520149500 0 0 0 0
1520149200 0 0 0 0
1520148900 0 0 0 0
1520148600 0 0 0 0
1520148300 0 0 0 0
1520148000 0 0 0 0
1520147700 0 0 0 0
1520147400 0 0 0 0
1520147100 0 0 0 0
1520146800 0 0 0 0
1520146500 0 0 0 0
1520146200 0 0 0 0
1520145900 0 0 0 0
1520145600 0 0 0 0
1520145300 0 0 0 0
1520145000 0 0 0 0
1520144700 0 0 0 0
1520144400 0 0 0 0
1520144100 0 0 0 0
1520143800 0 0 0 0
1520143500 0 0 0 0
1520143200 0 0 0 0
1520142900 0 0 0 0
1520142600 0 0 0 0
1520142300 0 0 0 0
1520142000 0 0 0 0
1520141700 0 0 0 0
1520141400 0 0 0 0
1520141100 0 0 0 0
1520140800 0 0 0 0
1520140500 0 0 0 0
1520140200 0 0 0 0
1520139900 0 0 0 0
1520139600 0 0 0 0
1520139300 0 0 0 0
1520139000 0 0 0 0
1520138700 0 0 0 0
1520138400 0 0 0 0
1520138100 0 0 0 0
1520137800 0 0 0 0
1520137500 0 0 0 0
1520137200 0 0 0 0
1520136900 0 0 0 0
1520136600 0 0 0 0
1520136300 0 0 0 0
1520136000 0 0 0 0
1520135700 0 0 0 0
1520135400 0 0 0 0
1520135100 0 0 0 0
1520134800 0 0 0 0
1520134500 0 0 0 0
1520134200 0 0 0 0
1520133900 0 0 0 0
1520133600 0 0 0 0
1520133300 0 0 0 0
1520133000 0 0 0 0
1520132700 0 0 0 0
1520132400 0 0 0 0
1520132100 0 0 0 0
1520131800 0 0 0 0
1520131500 0 0 0 0
1520131200 0 0 0 0
1520130900 0 0 0 0
1520130600 0 0 0 0
1520130300 0 0 0 0
1520130000 0 0 0 0
1520129700 0 0 0 0
1520129400 0 0 0 0
1520129100 0 0 0 0
1520128800 0 0 0 0
1520128500 0 0 0 0
1520128200 0 0 0 0
1520127900 0 0 0 0
1520127600 0 0 0 0
1520127300 0 0 0 0
1520127000 0 0 0 0
1520126700 0 0 0 0
1520126400 0 0 0 0
1520126100 0 0 0 0
1520125800 0 0 0 0
1520125500 0 0 0 0
1520125200 0 0 0 0
1520124900 0 0 0 0
1520124600 0 0 0 0
1520124300 0 0 0 0
1520124000 0 0 0 0
1520123700 0 0 0 0
1520123400 0 0 0 0
1520123100 0 0 0 0
1520122800 0 0 0 0
1520122500 0 0 0 0
1520122200 0 0 0 0
1520121900 0 0 0 0
1520121600 0 0 0 0
1520121300 0 0 0 0
1520121000 0 0 0 0
1520120700 0 0 0 0
1520120400 0 0 0 0
1520120100 0 0 0 0
1520119800 0 0 0 0
1520119500 0 0 0 0
1520119200 0 0 0 0
1520118900 0 0 0 0
1520118600 0 0 0 0
1520118300 0 0 0 0
1520118000 0 0 0 0
1520117700 0 0 0 0
1520117400 0 0 0 0
1520117100 0 0 0 0
1520116800 0 0 0 0
1520116500 0 0 0 0
1520116200 0 0 0 0
1520115900 0 0 0 0
1520115600 0 0 0 0
1520115300 0 0 0 0
1520115000 0 0 0 0
1520114700 0 0 0 0
1520114400 0 0 0 0
1520114100 0 0 0 0
1520113800 0 0 0 0
1520113500 0 0 0 0
1520113200 0 0 0 0
1520112900 0 0 0 0
1520112600 0 0 0 0
1520112300 0 0 0 0
1520112000 0 0 0 0
1520111700 0 0 0 0
1520111400 0 0 0 0
1520111100 0 0 0 0
1520110800 0 0 0 0
1520110500 0 0 0 0
1520110200 0 0 0 0
1520109900 0 0 0 0
1520109600 0 0 0 0
1520109300 0 0 0 0
1520109000 0 0 0 0
1520108700 0 0 0 0
1520108400 0 0 0 0
1520108100 0 0 0 0
1520107800 0 0 0 0
1520107500 0 0 0 0
1520107200 0 0 0 0
1520106900 0 0 0 0
1520106600 0 0 0 0
1520106300 0 0 0 0
1520106000 0 0 0 0
1520105700 0 0 0 0
1520105400 0 0 0 0
1520105100 0 0 0 0
1520104800 0 0 0 0
1520104500 0 0 0 0
1520104200 0 0 0 0
1520103900 0 0 0 0
1520103600 0 0 0 0
1520103300 0 0 0 0
1520103000 0 0 0 0
1520102700 0 0 0 0
1520102400 0 0 0 0
1520102100 0 0 0 0
1520101800 0 0 0 0
1520101500 0 0 0 0
1520101200 0 0 0 0
1520100900 0 0 0 0
1520100600 0 0 0 0
1520100300 0 0 0 0
1520100000 0 0 0 0
1520099700 0 0 0 0
1520099400 0 0 0 0
1520099100 0 0 0 0
1520098800 0 0 0 0
1520098500 0 0 0 0
1520098200 0 0 0 0
1520097900 0 0 0 0
1520097600 0 0 0 0
1520097300 0 0 0 0
1520097000 0 0 0 0
1520096700 0 0 0 0
1520096400 0 0 0 0
1520096100 0 0 0 0
1520095800 0 0 0 0
1520095500 0 0 0 0
1520095200 0 0 0 0
1520094900 0 0 0 0
1520094600 0 0 0 0
1520094300 0 0 0 0
1520094000 0 0 0 0
1520093700 0 0 0 0
1520093400 0 0 0 0
1520093100 0 0 0 0
1520092800 0 0 0 0
1520092500 0 0 0 0
1520092200 0 0 0 0
1520091900 0 0 0 0
1520091600 0 0 0 0
1520091300 0 0 0 0
1520091000 0 0 0 0
1520090700 0 0 0 0
1520090400 0 0 0 0
1520090100 0 0 0 0
1520089800 0 0 0 0
1520089500 0 0 0 0
1520089200 0 0 0 0
1520088900 0 0 0 0
1520088600 0 0 0 0
1520088300 0 0 0 0
1520088000 0 0 0 0
1520087700 0 0 0 0
1520087400 0 0 0 0
1520087100 0 0 0 0
1520086800 0 0 0 0
1520086500 0 0 0 0
1520086200 0 0 0 0
1520085900 0 0 0 0
1520085600 0 0 0 0
1520085300 0 0 0 0
1520085000 0 0 0 0
1520084700 0 0 0 0
1520084400 0 0 0 0
1520083800 0 0 0 0
1520082000 0 0 0 0
1520080200 0 0 0 0
1520078400 0 0 0 0
1520076600 0 0 0 0
1520074800 0 0 0 0
1520073000 0 0 0 0
1520071200 0 0 0 0
1520069400 0 0 0 0
1520067600 0 0 0 0
1520065800 0 0 0 0
1520064000 0 0 0 0
1520062200 0 0 0 0
1520060400 0 0 0 0
1520058600 0 0 0 0
1520056800 0 0 0 0
1520055000 0 0 0 0
1520053200 0 0 0 0
1520051400 0 0 0 0
1520049600 0 0 0 0
1520047800 0 0 0 0
1520046000 0 0 0 0
1520044200 0 0 0 0
1520042400 0 0 0 0
1520040600 0 0 0 0
1520038800 0 0 0 0
1520037000 0 0 0 0
1520035200 0 0 0 0
1520033400 0 0 0 0
1520031600 0 0 0 0
1520029800 0 0 0 0
1520028000 0 0 0 0
1520026200 0 0 0 0
1520024400 0 0 0 0
1520022600 0 0 0 0
1520020800 0 0 0 0
1520019000 0 0 0 0
1520017200 0 0 0 0
1520015400 0 0 0 0
1520013600 0 0 0 0
1520011800 0 0 0 0
1520010000 0 0 0 0
1520008200 0 0 0 0
1520006400 0 0 0 0
1520004600 0 0 0 0
1520002800 0 0 0 0
1520001000 0 0 0 0
1519999200 0 0 0 0
1519997400 0 0 0 0
1519995600 0 0 0 0
1519993800 0 0 0 0
1519992000 0 0 0 0
1519990200 0 0 0 0
1519988400 0 0 0 0
1519986600 0 0 0 0
1519984800 0 0 0 0
1519983000 0 0 0 0
1519981200 0 0 0 0
1519979400 0 0 0 0
1519977600 0 0 0 0
1519975800 0 0 0 0
1519974000 0 0 0 0
1519972200 0 0 0 0
1519970400 0 0 0 0
1519968600 0 0 0 0
1519966800 0 0 0 0
1519965000 0 0 0 0
1519963200 0 0 0 0
1519961400 0 0 0 0
1519959600 0 0 0 0
1519957800 0 0 0 0
1519956000 0 0 0 0
1519954200 0 0 0 0
1519952400 0 0 0 0
1519950600 0 0 0 0
1519948800 0 0 0 0
1519947000 0 0 0 0
1519945200 0 0 0 0
1519943400 0 0 0 0
1519941600 0 0 0 0
1519939800 0 0 0 0
1519938000 0 0 0 0
1519936200 0 0 0 0
1519934400 0 0 0 0
1519932600 0 0 0 0
1519930800 0 0 0 0
1519929000 0 0 0 0
1519927200 0 0 0 0
1519925400 0 0 0 0
1519923600 0 0 0 0
1519921800 0 0 0 0
1519920000 0 0 0 0
1519918200 0 0 0 0
1519916400 0 0 0 0
1519914600 0 0 0 0
1519912800 0 0 0 0
1519911000 0 0 0 0
1519909200 0 0 0 0
1519907400 0 0 0 0
1519905600 0 0 0 0
1519903800 0 0 0 0
1519902000 0 0 0 0
1519900200 0 0 0 0
1519898400 0 0 0 0
1519896600 0 0 0 0
1519894800 0 0 0 0
1519893000 0 0 0 0
1519891200 0 0 0 0
1519889400 0 0 0 0
1519887600 0 0 0 0
1519885800 0 0 0 0
1519884000 0 0 0 0
1519882200 0 0 0 0
1519880400 0 0 0 0
1519878600 0 0 0 0
1519876800 0 0 0 0
1519875000 0 0 0 0
1519873200 0 0 0 0
1519871400 0 0 0 0
1519869600 0 0 0 0
1519867800 0 0 0 0
1519866000 0 0 0 0
1519864200 0 0 0 0
1519862400 0 0 0 0
1519860600 0 0 0 0
1519858800 0 0 0 0
1519857000 0 0 0 0
1519855200 0 0 0 0
1519853400 0 0 0 0
1519851600 0 0 0 0
1519849800 0 0 0 0
1519848000 0 0 0 0
1519846200 0 0 0 0
1519844400 0 0 0 0
1519842600 0 0 0 0
1519840800 0 0 0 0
1519839000 0 0 0 0
1519837200 0 0 0 0
1519835400 0 0 0 0
1519833600 0 0 0 0
1519831800 0 0 0 0
1519830000 0 0 0 0
1519828200 0 0 0 0
1519826400 0 0 0 0
1519824600 0 0 0 0
1519822800 0 0 0 0
1519821000 0 0 0 0
1519819200 0 0 0 0
1519817400 0 0 0 0
1519815600 0 0 0 0
1519813800 0 0 0 0
1519812000 0 0 0 0
1519810200 0 0 0 0
1519808400 0 0 0 0
1519806600 0 0 0 0
1519804800 0 0 0 0
1519803000 0 0 0 0
1519801200 0 0 0 0
1519799400 0 0 0 0
1519797600 0 0 0 0
1519795800 0 0 0 0
1519794000 0 0 0 0
1519792200 0 0 0 0
1519790400 0 0 0 0
1519788600 0 0 0 0
1519786800 0 0 0 0
1519785000 0 0 0 0
1519783200 0 0 0 0
1519781400 0 0 0 0
1519779600 0 0 0 0
1519777800 0 0 0 0
1519776000 0 0 0 0
1519774200 0 0 0 0
1519772400 0 0 0 0
1519770600 0 0 0 0
1519768800 0 0 0 0
1519767000 0 0 0 0
1519765200 0 0 0 0
1519763400 0 0 0 0
1519761600 0 0 0 0
1519759800 0 0 0 0
1519758000 0 0 0 0
1519756200 0 0 0 0
1519754400 0 0 0 0
1519752600 0 0 0 0
1519750800 0 0 0 0
1519749000 0 0 0 0
1519747200 0 0 0 0
1519745400 0 0 0 0
1519743600 0 0 0 0
1519741800 0 0 0 0
1519740000 0 0 0 0
1519738200 0 0 0 0
1519736400 0 0 0 0
1519734600 0 0 0 0
1519732800 0 0 0 0
1519731000 0 0 0 0
1519729200 0 0 0 0
1519727400 0 0 0 0
1519725600 0 0 0 0
1519723800 0 0 0 0
1519722000 0 0 0 0
1519720200 0 0 0 0
1519718400 0 0 0 0
1519716600 0 0 0 0
1519714800 0 0 0 0
1519713000 0 0 0 0
1519711200 0 0 0 0
1519709400 0 0 0 0
1519707600 0 0 0 0
1519705800 0 0 0 0
1519704000 0 0 0 0
1519702200 0 0 0 0
1519700400 0 0 0 0
1519698600 0 0 0 0
1519696800 0 0 0 0
1519695000 0 0 0 0
1519693200 0 0 0 0
1519691400 0 0 0 0
1519689600 0 0 0 0
1519687800 0 0 0 0
1519686000 0 0 0 0
1519684200 0 0 0 0
1519682400 0 0 0 0
1519680600 0 0 0 0
1519678800 0 0 0 0
1519677000 0 0 0 0
1519675200 0 0 0 0
1519673400 0 0 0 0
1519671600 0 0 0 0
1519669800 0 0 0 0
1519668000 0 0 0 0
1519666200 0 0 0 0
1519664400 0 0 0 0
1519662600 0 0 0 0
1519660800 0 0 0 0
1519659000 0 0 0 0
1519657200 0 0 0 0
1519655400 0 0 0 0
1519653600 0 0 0 0
1519651800 0 0 0 0
1519650000 0 0 0 0
1519648200 0 0 0 0
1519646400 0 0 0 0
1519644600 0 0 0 0
1519642800 0 0 0 0
1519641000 0 0 0 0
1519639200 0 0 0 0
1519637400 0 0 0 0
1519635600 0 0 0 0
1519633800 0 0 0 0
1519632000 0 0 0 0
1519630200 0 0 0 0
1519628400 0 0 0 0
1519626600 0 0 0 0
1519624800 0 0 0 0
1519623000 0 0 0 0
1519621200 0 0 0 0
1519619400 0 0 0 0
1519617600 0 0 0 0
1519615800 0 0 0 0
1519614000 0 0 0 0
1519612200 0 0 0 0
1519610400 0 0 0 0
1519608600 0 0 0 0
1519606800 0 0 0 0
1519605000 0 0 0 0
1519603200 0 0 0 0
1519601400 0 0 0 0
1519599600 0 0 0 0
1519597800 0 0 0 0
1519596000 0 0 0 0
1519594200 0 0 0 0
1519592400 0 0 0 0
1519590600 0 0 0 0
1519588800 0 0 0 0
1519587000 0 0 0 0
1519585200 0 0 0 0
1519583400 0 0 0 0
1519581600 0 0 0 0
1519579800 0 0 0 0
1519578000 0 0 0 0
1519576200 0 0 0 0
1519574400 0 0 0 0
1519572600 0 0 0 0
1519570800 0 0 0 0
1519569000 0 0 0 0
1519567200 0 0 0 0
1519565400 0 0 0 0
1519563600 0 0 0 0
1519561800 0 0 0 0
1519560000 0 0 0 0
1519558200 0 0 0 0
1519556400 0 0 0 0
1519554600 0 0 0 0
1519552800 0 0 0 0
1519551000 0 0 0 0
1519549200 0 0 0 0
1519547400 0 0 0 0
1519545600 0 0 0 0
1519543800 0 0 0 0
1519542000 0 0 0 0
1519540200 0 0 0 0
1519538400 0 0 0 0
1519536600 0 0 0 0
1519534800 0 0 0 0
1519533000 0 0 0 0
1519531200 0 0 0 0
1519529400 0 0 0 0
1519527600 0 0 0 0
1519525800 0 0 0 0
1519524000 0 0 0 0
1519522200 0 0 0 0
1519520400 0 0 0 0
1519518600 0 0 0 0
1519516800 0 0 0 0
1519515000 0 0 0 0
1519513200 0 0 0 0
1519511400 0 0 0 0
1519509600 0 0 0 0
1519507800 0 0 0 0
1519506000 0 0 0 0
1519504200 0 0 0 0
1519502400 0 0 0 0
1519500600 0 0 0 0
1519498800 0 0 0 0
1519497000 0 0 0 0
1519495200 0 0 0 0
1519493400 0 0 0 0
1519491600 0 0 0 0
1519489800 0 0 0 0
1519488000 0 0 0 0
1519486200 0 0 0 0
1519484400 0 0 0 0
1519482600 0 0 0 0
1519480800 0 0 0 0
1519479000 0 0 0 0
1519477200 0 0 0 0
1519475400 0 0 0 0
1519473600 0 0 0 0
1519471800 0 0 0 0
1519470000 0 0 0 0
1519468200 0 0 0 0
1519466400 0 0 0 0
1519464600 0 0 0 0
1519462800 0 0 0 0
1519461000 0 0 0 0
1519459200 0 0 0 0
1519457400 0 0 0 0
1519455600 0 0 0 0
1519453800 0 0 0 0
1519452000 0 0 0 0
1519450200 0 0 0 0
1519448400 0 0 0 0
1519446600 0 0 0 0
1519444800 0 0 0 0
1519443000 0 0 0 0
1519441200 0 0 0 0
1519439400 0 0 0 0
1519437600 0 0 0 0
1519435800 0 0 0 0
1519434000 0 0 0 0
1519432200 0 0 0 0
1519430400 0 0 0 0
1519428600 0 0 0 0
1519426800 0 0 0 0
1519425000 0 0 0 0
1519423200 0 0 0 0
1519421400 0 0 0 0
1519419600 0 0 0 0
1519417800 0 0 0 0
1519416000 0 0 0 0
1519414200 0 0 0 0
1519412400 0 0 0 0
1519410600 0 0 0 0
1519408800 0 0 0 0
1519407000 0 0 0 0
1519405200 0 0 0 0
1519403400 0 0 0 0
1519401600 0 0 0 0
1519399800 0 0 0 0
1519398000 0 0 0 0
1519396200 0 0 0 0
1519394400 0 0 0 0
1519392600 0 0 0 0
1519390800 0 0 0 0
1519389000 0 0 0 0
1519387200 0 0 0 0
1519385400 0 0 0 0
1519383600 0 0 0 0
1519381800 0 0 0 0
1519380000 0 0 0 0
1519378200 0 0 0 0
1519376400 0 0 0 0
1519374600 0 0 0 0
1519372800 0 0 0 0
1519371000 0 0 0 0
1519369200 0 0 0 0
1519367400 0 0 0 0
1519365600 0 0 0 0
1519363800 0 0 0 0
1519362000 0 0 0 0
1519360200 0 0 0 0
1519358400 0 0 0 0
1519356600 0 0 0 0
1519354800 0 0 0 0
1519353000 0 0 0 0
1519351200 0 0 0 0
1519349400 0 0 0 0
1519347600 0 0 0 0
1519345800 0 0 0 0
1519344000 0 0 0 0
1519342200 0 0 0 0
1519340400 0 0 0 0
1519338600 0 0 0 0
1519336800 0 0 0 0
1519335000 0 0 0 0
1519333200 0 0 0 0
1519331400 0 0 0 0
1519329600 0 0 0 0
1519327800 0 0 0 0
1519326000 0 0 0 0
1519324200 0 0 0 0
1519322400 0 0 0 0
1519320600 0 0 0 0
1519318800 0 0 0 0
1519317000 0 0 0 0
1519315200 0 0 0 0
1519313400 0 0 0 0
1519311600 0 0 0 0
1519309800 0 0 0 0
1519308000 0 0 0 0
1519306200 0 0 0 0
1519304400 0 0 0 0
1519302600 0 0 0 0
1519300800 0 0 0 0
1519299000 0 0 0 0
1519297200 0 0 0 0
1519295400 0 0 0 0
1519293600 0 0 0 0
1519291800 0 0 0 0
1519290000 0 0 0 0
1519288200 0 0 0 0
1519286400 0 0 0 0
1519284600 0 0 0 0
1519282800 0 0 0 0
1519281000 0 0 0 0
1519279200 0 0 0 0
1519277400 0 0 0 0
1519275600 0 0 0 0
1519273800 0 0 0 0
1519272000 0 0 0 0
1519270200 0 0 0 0
1519268400 0 0 0 0
1519266600 0 0 0 0
1519264800 0 0 0 0
1519263000 0 0 0 0
1519261200 0 0 0 0
1519259400 0 0 0 0
1519257600 0 0 0 0
1519255800 0 0 0 0
1519254000 0 0 0 0
1519252200 0 0 0 0
1519250400 0 0 0 0
1519248600 0 0 0 0
1519246800 0 0 0 0
1519245000 0 0 0 0
1519243200 0 0 0 0
1519241400 0 0 0 0
1519239600 0 0 0 0
1519237800 0 0 0 0
1519236000 0 0 0 0
1519234200 0 0 0 0
1519232400 0 0 0 0
1519230600 0 0 0 0
1519228800 0 0 0 0
1519227000 0 0 0 0
1519225200 0 0 0 0
1519223400 0 0 0 0
1519221600 0 0 0 0
1519219800 0 0 0 0
1519218000 0 0 0 0
1519216200 0 0 0 0
1519214400 0 0 0 0
1519212600 0 0 0 0
1519210800 0 0 0 0
1519209000 0 0 0 0
1519207200 0 0 0 0
1519205400 0 0 0 0
1519203600 0 0 0 0
1519201800 0 0 0 0
1519200000 0 0 0 0
1519198200 0 0 0 0
1519196400 0 0 0 0
1519194600 0 0 0 0
1519192800 0 0 0 0
1519191000 0 0 0 0
1519189200 0 0 0 0
1519187400 0 0 0 0
1519185600 0 0 0 0
1519183800 0 0 0 0
1519182000 0 0 0 0
1519180200 0 0 0 0
1519178400 0 0 0 0
1519176600 0 0 0 0
1519174800 0 0 0 0
1519173000 0 0 0 0
1519171200 0 0 0 0
1519169400 0 0 0 0
1519167600 0 0 0 0
1519165800 0 0 0 0
1519164000 0 0 0 0
1519162200 0 0 0 0
1519160400 0 0 0 0
1519158600 0 0 0 0
1519156800 0 0 0 0
1519155000 0 0 0 0
1519153200 0 0 0 0
1519151400 0 0 0 0
1519149600 0 0 0 0
1519147800 0 0 0 0
1519146000 0 0 0 0
1519144200 0 0 0 0
1519142400 0 0 0 0
1519140600 0 0 0 0
1519138800 0 0 0 0
1519137000 0 0 0 0
1519135200 0 0 0 0
1519133400 0 0 0 0
1519131600 0 0 0 0
1519129800 0 0 0 0
1519128000 0 0 0 0
1519126200 0 0 0 0
1519124400 0 0 0 0
1519122600 0 0 0 0
1519120800 0 0 0 0
1519119000 0 0 0 0
1519117200 0 0 0 0
1519115400 0 0 0 0
1519113600 0 0 0 0
1519111800 0 0 0 0
1519110000 0 0 0 0
1519108200 0 0 0 0
1519106400 0 0 0 0
1519104600 0 0 0 0
1519102800 0 0 0 0
1519101000 0 0 0 0
1519099200 0 0 0 0
1519097400 0 0 0 0
1519095600 0 0 0 0
1519093800 0 0 0 0
1519092000 0 0 0 0
1519090200 0 0 0 0
1519088400 0 0 0 0
1519086600 0 0 0 0
1519084800 0 0 0 0
1519083000 0 0 0 0
1519081200 0 0 0 0
1519079400 0 0 0 0
1519077600 0 0 0 0
1519075800 0 0 0 0
1519074000 0 0 0 0
1519072200 0 0 0 0
1519070400 0 0 0 0
1519068600 0 0 0 0
1519066800 0 0 0 0
1519065000 0 0 0 0
1519063200 0 0 0 0
1519061400 0 0 0 0
1519059600 0 0 0 0
1519057800 0 0 0 0
1519056000 0 0 0 0
1519054200 0 0 0 0
1519052400 0 0 0 0
1519050600 0 0 0 0
1519048800 0 0 0 0
1519047000 0 0 0 0
1519045200 0 0 0 0
1519043400 0 0 0 0
1519041600 0 0 0 0
1519039800 0 0 0 0
1519038000 0 0 0 0
1519036200 0 0 0 0
1519034400 0 0 0 0
1519032600 0 0 0 0
1519030800 0 0 0 0
1519029000 0 0 0 0
1519027200 0 0 0 0
1519025400 0 0 0 0
1519023600 0 0 0 0
1519021800 0 0 0 0
1519020000 0 0 0 0
1519018200 0 0 0 0
1519016400 0 0 0 0
1519014600 0 0 0 0
1519012800 0 0 0 0
1519011000 0 0 0 0
1519009200 0 0 0 0
1519007400 0 0 0 0
1519005600 0 0 0 0
1519003800 0 0 0 0
1518998400 0 0 0 0
1518991200 0 0 0 0
1518984000 0 0 0 0
1518976800 0 0 0 0
1518969600 0 0 0 0
1518962400 0 0 0 0
1518955200 0 0 0 0
1518948000 0 0 0 0
1518940800 0 0 0 0
1518933600 0 0 0 0
1518926400 0 0 0 0
1518919200 0 0 0 0
1518912000 0 0 0 0
1518904800 0 0 0 0
1518897600 0 0 0 0
1518890400 0 0 0 0
1518883200 0 0 0 0
1518876000 0 0 0 0
1518868800 0 0 0 0
1518861600 0 0 0 0
1518854400 0 0 0 0
1518847200 0 0 0 0
1518840000 0 0 0 0
1518832800 0 0 0 0
1518825600 0 0 0 0
1518818400 0 0 0 0
1518811200 0 0 0 0
1518804000 0 0 0 0
1518796800 0 0 0 0
1518789600 0 0 0 0
1518782400 0 0 0 0
1518775200 0 0 0 0
1518768000 0 0 0 0
1518760800 0 0 0 0
1518753600 0 0 0 0
1518746400 0 0 0 0
1518739200 0 0 0 0
1518732000 0 0 0 0
1518724800 0 0 0 0
1518717600 0 0 0 0
1518710400 0 0 0 0
1518703200 0 0 0 0
1518696000 0 0 0 0
1518688800 0 0 0 0
1518681600 0 0 0 0
1518674400 0 0 0 0
1518667200 0 0 0 0
1518660000 0 0 0 0
1518652800 0 0 0 0
1518645600 0 0 0 0
1518638400 0 0 0 0
1518631200 0 0 0 0
1518624000 0 0 0 0
1518616800 0 0 0 0
1518609600 0 0 0 0
1518602400 0 0 0 0
1518595200 0 0 0 0
1518588000 0 0 0 0
1518580800 0 0 0 0
1518573600 0 0 0 0
1518566400 0 0 0 0
1518559200 0 0 0 0
1518552000 0 0 0 0
1518544800 0 0 0 0
1518537600 0 0 0 0
1518530400 0 0 0 0
1518523200 0 0 0 0
1518516000 0 0 0 0
1518508800 0 0 0 0
1518501600 0 0 0 0
1518494400 0 0 0 0
1518487200 0 0 0 0
1518480000 0 0 0 0
1518472800 0 0 0 0
1518465600 0 0 0 0
1518458400 0 0 0 0
1518451200 0 0 0 0
1518444000 0 0 0 0
1518436800 0 0 0 0
1518429600 0 0 0 0
1518422400 0 0 0 0
1518415200 0 0 0 0
1518408000 0 0 0 0
1518400800 0 0 0 0
1518393600 0 0 0 0
1518386400 0 0 0 0
1518379200 0 0 0 0
1518372000 0 0 0 0
1518364800 0 0 0 0
1518357600 0 0 0 0
1518350400 0 0 0 0
1518343200 0 0 0 0
1518336000 0 0 0 0
1518328800 0 0 0 0
1518321600 0 0 0 0
1518314400 0 0 0 0
1518307200 0 0 0 0
1518300000 0 0 0 0
1518292800 0 0 0 0
1518285600 0 0 0 0
1518278400 0 0 0 0
1518271200 0 0 0 0
1518264000 0 0 0 0
1518256800 0 0 0 0
1518249600 0 0 0 0
1518242400 0 0 0 0
1518235200 0 0 0 0
1518228000 0 0 0 0
1518220800 0 0 0 0
1518213600 0 0 0 0
1518206400 0 0 0 0
1518199200 0 0 0 0
1518192000 0 0 0 0
1518184800 0 0 0 0
1518177600 0 0 0 0
1518170400 0 0 0 0
1518163200 0 0 0 0
1518156000 0 0 0 0
1518148800 0 0 0 0
1518141600 0 0 0 0
1518134400 0 0 0 0
1518127200 0 0 0 0
1518120000 0 0 0 0
1518112800 0 0 0 0
1518105600 0 0 0 0
1518098400 0 0 0 0
1518091200 0 0 0 0
1518084000 0 0 0 0
1518076800 0 0 0 0
1518069600 0 0 0 0
1518062400 0 0 0 0
1518055200 0 0 0 0
1518048000 0 0 0 0
1518040800 0 0 0 0
1518033600 0 0 0 0
1518026400 0 0 0 0
1518019200 0 0 0 0
1518012000 0 0 0 0
1518004800 0 0 0 0
1517997600 0 0 0 0
1517990400 0 0 0 0
1517983200 0 0 0 0
1517976000 0 0 0 0
1517968800 0 0 0 0
1517961600 0 0 0 0
1517954400 0 0 0 0
1517947200 0 0 0 0
1517940000 0 0 0 0
1517932800 0 0 0 0
1517925600 0 0 0 0
1517918400 0 0 0 0
1517911200 0 0 0 0
1517904000 0 0 0 0
1517896800 0 0 0 0
1517889600 0 0 0 0
1517882400 0 0 0 0
1517875200 0 0 0 0
1517868000 0 0 0 0
1517860800 0 0 0 0
1517853600 0 0 0 0
1517846400 0 0 0 0
1517839200 0 0 0 0
1517832000 0 0 0 0
1517824800 0 0 0 0
1517817600 0 0 0 0
1517810400 0 0 0 0
1517803200 0 0 0 0
1517796000 0 0 0 0
1517788800 0 0 0 0
1517781600 0 0 0 0
1517774400 0 0 0 0
1517767200 0 0 0 0
1517760000 0 0 0 0
1517752800 0 0 0 0
1517745600 0 0 0 0
1517738400 0 0 0 0
1517731200 0 0 0 0
1517724000 0 0 0 0
1517716800 0 0 0 0
1517709600 0 0 0 0
1517702400 0 0 0 0
1517695200 0 0 0 0
1517688000 0 0 0 0
1517680800 0 0 0 0
1517673600 0 0 0 0
1517666400 0 0 0 0
1517659200 0 0 0 0
1517652000 0 0 0 0
1517644800 0 0 0 0
1517637600 0 0 0 0
1517630400 0 0 0 0
1517623200 0 0 0 0
1517616000 0 0 0 0
1517608800 0 0 0 0
1517601600 0 0 0 0
1517594400 0 0 0 0
1517587200 0 0 0 0
1517580000 0 0 0 0
1517572800 0 0 0 0
1517565600 0 0 0 0
1517558400 0 0 0 0
1517551200 0 0 0 0
1517544000 0 0 0 0
1517536800 0 0 0 0
1517529600 0 0 0 0
1517522400 0 0 0 0
1517515200 0 0 0 0
1517508000 0 0 0 0
1517500800 0 0 0 0
1517493600 0 0 0 0
1517486400 0 0 0 0
1517479200 0 0 0 0
1517472000 0 0 0 0
1517464800 0 0 0 0
1517457600 0 0 0 0
1517450400 0 0 0 0
1517443200 0 0 0 0
1517436000 0 0 0 0
1517428800 0 0 0 0
1517421600 0 0 0 0
1517414400 0 0 0 0
1517407200 0 0 0 0
1517400000 0 0 0 0
1517392800 0 0 0 0
1517385600 0 0 0 0
1517378400 0 0 0 0
1517371200 0 0 0 0
1517364000 0 0 0 0
1517356800 0 0 0 0
1517349600 0 0 0 0
1517342400 0 0 0 0
1517335200 0 0 0 0
1517328000 0 0 0 0
1517320800 0 0 0 0
1517313600 0 0 0 0
1517306400 0 0 0 0
1517299200 0 0 0 0
1517292000 0 0 0 0
1517284800 0 0 0 0
1517277600 0 0 0 0
1517270400 0 0 0 0
1517263200 0 0 0 0
1517256000 0 0 0 0
1517248800 0 0 0 0
1517241600 0 0 0 0
1517234400 0 0 0 0
1517227200 0 0 0 0
1517220000 0 0 0 0
1517212800 0 0 0 0
1517205600 0 0 0 0
1517198400 0 0 0 0
1517191200 0 0 0 0
1517184000 0 0 0 0
1517176800 0 0 0 0
1517169600 0 0 0 0
1517162400 0 0 0 0
1517155200 0 0 0 0
1517148000 0 0 0 0
1517140800 0 0 0 0
1517133600 0 0 0 0
1517126400 0 0 0 0
1517119200 0 0 0 0
1517112000 0 0 0 0
1517104800 0 0 0 0
1517097600 0 0 0 0
1517090400 0 0 0 0
1517083200 0 0 0 0
1517076000 0 0 0 0
1517068800 0 0 0 0
1517061600 0 0 0 0
1517054400 0 0 0 0
1517047200 0 0 0 0
1517040000 0 0 0 0
1517032800 0 0 0 0
1517025600 0 0 0 0
1517018400 0 0 0 0
1517011200 0 0 0 0
1517004000 0 0 0 0
1516996800 0 0 0 0
1516989600 0 0 0 0
1516982400 0 0 0 0
1516975200 0 0 0 0
1516968000 0 0 0 0
1516960800 0 0 0 0
1516953600 0 0 0 0
1516946400 0 0 0 0
1516939200 0 0 0 0
1516932000 0 0 0 0
1516924800 0 0 0 0
1516917600 0 0 0 0
1516910400 0 0 0 0
1516903200 0 0 0 0
1516896000 0 0 0 0
1516888800 0 0 0 0
1516881600 0 0 0 0
1516874400 0 0 0 0
1516867200 0 0 0 0
1516860000 0 0 0 0
1516852800 0 0 0 0
1516845600 0 0 0 0
1516838400 0 0 0 0
1516831200 0 0 0 0
1516824000 0 0 0 0
1516816800 0 0 0 0
1516809600 0 0 0 0
1516802400 0 0 0 0
1516795200 0 0 0 0
1516788000 0 0 0 0
1516780800 0 0 0 0
1516773600 0 0 0 0
1516766400 0 0 0 0
1516759200 0 0 0 0
1516752000 0 0 0 0
1516744800 0 0 0 0
1516737600 0 0 0 0
1516730400 0 0 0 0
1516723200 0 0 0 0
1516716000 0 0 0 0
1516708800 0 0 0 0
1516701600 0 0 0 0
1516694400 0 0 0 0
1516687200 0 0 0 0
1516680000 0 0 0 0
1516672800 0 0 0 0
1516665600 0 0 0 0
1516658400 0 0 0 0
1516651200 0 0 0 0
1516644000 0 0 0 0
1516636800 0 0 0 0
1516629600 0 0 0 0
1516622400 0 0 0 0
1516615200 0 0 0 0
1516608000 0 0 0 0
1516600800 0 0 0 0
1516593600 0 0 0 0
1516586400 0 0 0 0
1516579200 0 0 0 0
1516572000 0 0 0 0
1516564800 0 0 0 0
1516557600 0 0 0 0
1516550400 0 0 0 0
1516543200 0 0 0 0
1516536000 0 0 0 0
1516528800 0 0 0 0
1516521600 0 0 0 0
1516514400 0 0 0 0
1516507200 0 0 0 0
1516500000 0 0 0 0
1516492800 0 0 0 0
1516485600 0 0 0 0
1516478400 0 0 0 0
1516471200 0 0 0 0
1516464000 0 0 0 0
1516456800 0 0 0 0
1516449600 0 0 0 0
1516442400 0 0 0 0
1516435200 0 0 0 0
1516428000 0 0 0 0
1516420800 0 0 0 0
1516413600 0 0 0 0
1516406400 0 0 0 0
1516399200 0 0 0 0
1516392000 0 0 0 0
1516384800 0 0 0 0
1516377600 0 0 0 0
1516370400 0 0 0 0
1516363200 0 0 0 0
1516356000 0 0 0 0
1516348800 0 0 0 0
1516341600 0 0 0 0
1516334400 0 0 0 0
1516327200 0 0 0 0
1516320000 0 0 0 0
1516312800 0 0 0 0
1516305600 0 0 0 0
1516298400 0 0 0 0
1516291200 0 0 0 0
1516284000 0 0 0 0
1516276800 0 0 0 0
1516269600 0 0 0 0
1516262400 0 0 0 0
1516255200 0 0 0 0
1516248000 0 0 0 0
1516240800 0 0 0 0
1516233600 0 0 0 0
1516226400 0 0 0 0
1516219200 0 0 0 0
1516212000 0 0 0 0
1516204800 0 0 0 0
1516197600 0 0 0 0
1516190400 0 0 0 0
1516183200 0 0 0 0
1516176000 0 0 0 0
1516168800 0 0 0 0
1516161600 0 0 0 0
1516154400 0 0 0 0
1516147200 0 0 0 0
1516140000 0 0 0 0
1516132800 0 0 0 0
1516125600 0 0 0 0
1516118400 0 0 0 0
1516111200 0 0 0 0
1516104000 0 0 0 0
1516096800 0 0 0 0
1516089600 0 0 0 0
1516082400 0 0 0 0
1516075200 0 0 0 0
1516068000 0 0 0 0
1516060800 0 0 0 0
1516053600 0 0 0 0
1516046400 0 0 0 0
1516039200 0 0 0 0
1516032000 0 0 0 0
1516024800 0 0 0 0
1516017600 0 0 0 0
1516010400 0 0 0 0
1516003200 0 0 0 0
1515996000 0 0 0 0
1515988800 0 0 0 0
1515981600 0 0 0 0
1515974400 0 0 0 0
1515967200 0 0 0 0
1515960000 0 0 0 0
1515952800 0 0 0 0
1515945600 0 0 0 0
1515938400 0 0 0 0
1515931200 0 0 0 0
1515924000 0 0 0 0
1515916800 0 0 0 0
1515909600 0 0 0 0
1515902400 0 0 0 0
1515895200 0 0 0 0
1515888000 0 0 0 0
1515880800 0 0 0 0
1515873600 0 0 0 0
1515866400 0 0 0 0
1515859200 0 0 0 0
1515852000 0 0 0 0
1515844800 0 0 0 0
1515837600 0 0 0 0
1515830400 0 0 0 0
1515823200 0 0 0 0
1515816000 0 0 0 0
1515808800 0 0 0 0
1515801600 0 0 0 0
1515794400 0 0 0 0
1515787200 0 0 0 0
1515780000 0 0 0 0
1515772800 0 0 0 0
1515765600 0 0 0 0
1515758400 0 0 0 0
1515751200 0 0 0 0
1515744000 0 0 0 0
1515736800 0 0 0 0
1515729600 0 0 0 0
1515722400 0 0 0 0
1515715200 0 0 0 0
1515708000 0 0 0 0
1515700800 0 0 0 0
1515693600 0 0 0 0
1515686400 0 0 0 0
1515679200 0 0 0 0
1515672000 0 0 0 0
1515664800 0 0 0 0
1515657600 0 0 0 0
1515650400 0 0 0 0
1515643200 0 0 0 0
1515636000 0 0 0 0
1515628800 0 0 0 0
1515621600 0 0 0 0
1515614400 0 0 0 0
1515607200 0 0 0 0
1515600000 0 0 0 0
1515592800 0 0 0 0
1515585600 0 0 0 0
1515578400 0 0 0 0
1515571200 0 0 0 0
1515564000 0 0 0 0
1515556800 0 0 0 0
1515549600 0 0 0 0
1515542400 0 0 0 0
1515535200 0 0 0 0
1515528000 0 0 0 0
1515520800 0 0 0 0
1515513600 0 0 0 0
1515506400 0 0 0 0
1515499200 0 0 0 0
1515492000 0 0 0 0
1515484800 0 0 0 0
1515477600 0 0 0 0
1515470400 0 0 0 0
1515463200 0 0 0 0
1515456000 0 0 0 0
1515448800 0 0 0 0
1515441600 0 0 0 0
1515434400 0 0 0 0
1515427200 0 0 0 0
1515420000 0 0 0 0
1515412800 0 0 0 0
1515405600 0 0 0 0
1515398400 0 0 0 0
1515391200 0 0 0 0
1515384000 0 0 0 0
1515376800 0 0 0 0
1515369600 0 0 0 0
1515362400 0 0 0 0
1515355200 0 0 0 0
1515348000 0 0 0 0
1515340800 0 0 0 0
1515333600 0 0 0 0
1515326400 0 0 0 0
1515319200 0 0 0 0
1515312000 0 0 0 0
1515304800 0 0 0 0
1515297600 0 0 0 0
1515290400 0 0 0 0
1515283200 0 0 0 0
1515276000 0 0 0 0
1515268800 0 0 0 0
1515261600 0 0 0 0
1515254400 0 0 0 0
1515247200 0 0 0 0
1515240000 0 0 0 0
1515232800 0 0 0 0
1515225600 0 0 0 0
1515218400 0 0 0 0
1515211200 0 0 0 0
1515204000 0 0 0 0
1515196800 0 0 0 0
1515189600 0 0 0 0
1515182400 0 0 0 0
1515175200 0 0 0 0
1515168000 0 0 0 0
1515160800 0 0 0 0
1515153600 0 0 0 0
1515146400 0 0 0 0
1515139200 0 0 0 0
1515132000 0 0 0 0
1515124800 0 0 0 0
1515117600 0 0 0 0
1515110400 0 0 0 0
1515103200 0 0 0 0
1515096000 0 0 0 0
1515088800 0 0 0 0
1515081600 0 0 0 0
1515074400 0 0 0 0
1515067200 0 0 0 0
1515060000 0 0 0 0
1515052800 0 0 0 0
1515045600 0 0 0 0
1515038400 0 0 0 0
1515031200 0 0 0 0
1515024000 0 0 0 0
1515016800 0 0 0 0
1515009600 0 0 0 0
1515002400 0 0 0 0
1514995200 0 0 0 0
1514988000 0 0 0 0
1514980800 0 0 0 0
1514973600 0 0 0 0
1514966400 0 0 0 0
1514959200 0 0 0 0
1514952000 0 0 0 0
1514944800 0 0 0 0
1514937600 0 0 0 0
1514930400 0 0 0 0
1514923200 0 0 0 0
1514916000 0 0 0 0
1514908800 0 0 0 0
1514901600 0 0 0 0
1514894400 0 0 0 0
1514887200 0 0 0 0
1514880000 0 0 0 0
1514872800 0 0 0 0
1514865600 0 0 0 0
1514858400 0 0 0 0
1514851200 0 0 0 0
1514844000 0 0 0 0
1514836800 0 0 0 0
1514829600 0 0 0 0
1514822400 0 0 0 0
1514815200 0 0 0 0
1514808000 0 0 0 0
1514800800 0 0 0 0
1514793600 0 0 0 0
1514786400 0 0 0 0
1514779200 0 0 0 0
1514772000 0 0 0 0
1514764800 0 0 0 0
1514757600 0 0 0 0
1514750400 0 0 0 0
1514743200 0 0 0 0
1514736000 0 0 0 0
1514728800 0 0 0 0
1514721600 0 0 0 0
1514714400 0 0 0 0
1514707200 0 0 0 0
1514700000 0 0 0 0
1514692800 0 0 0 0
1514685600 0 0 0 0
1514678400 0 0 0 0
1514592000 0 0 0 0
1514505600 0 0 0 0
1514419200 0 0 0 0
1514332800 0 0 0 0
1514246400 0 0 0 0
1514160000 0 0 0 0
1514073600 0 0 0 0
1513987200 0 0 0 0
1513900800 0 0 0 0
1513814400 0 0 0 0
1513728000 0 0 0 0
1513641600 0 0 0 0
1513555200 0 0 0 0
1513468800 0 0 0 0
1513382400 0 0 0 0
1513296000 0 0 0 0
1513209600 0 0 0 0
1513123200 0 0 0 0
1513036800 0 0 0 0
1512950400 0 0 0 0
1512864000 0 0 0 0
1512777600 0 0 0 0
1512691200 0 0 0 0
1512604800 0 0 0 0
1512518400 0 0 0 0
1512432000 0 0 0 0
1512345600 0 0 0 0
1512259200 0 0 0 0
1512172800 0 0 0 0
1512086400 0 0 0 0
1512000000 0 0 0 0
1511913600 0 0 0 0
1511827200 0 0 0 0
1511740800 0 0 0 0
1511654400 0 0 0 0
1511568000 0 0 0 0
1511481600 0 0 0 0
1511395200 0 0 0 0
1511308800 0 0 0 0
1511222400 0 0 0 0
1511136000 0 0 0 0
1511049600 0 0 0 0
1510963200 0 0 0 0
1510876800 0 0 0 0
1510790400 0 0 0 0
1510704000 0 0 0 0
1510617600 0 0 0 0
1510531200 0 0 0 0
1510444800 0 0 0 0
1510358400 0 0 0 0
1510272000 0 0 0 0
1510185600 0 0 0 0
1510099200 0 0 0 0
1510012800 0 0 0 0
1509926400 0 0 0 0
1509840000 0 0 0 0
1509753600 0 0 0 0
1509667200 0 0 0 0
1509580800 0 0 0 0
1509494400 0 0 0 0
1509408000 0 0 0 0
1509321600 0 0 0 0
1509235200 0 0 0 0
1509148800 0 0 0 0
1509062400 0 0 0 0
1508976000 0 0 0 0
1508889600 0 0 0 0
1508803200 0 0 0 0
1508716800 0 0 0 0
1508630400 0 0 0 0
1508544000 0 0 0 0
1508457600 0 0 0 0
1508371200 0 0 0 0
1508284800 0 0 0 0
1508198400 0 0 0 0
1508112000 0 0 0 0
1508025600 0 0 0 0
1507939200 0 0 0 0
1507852800 0 0 0 0
1507766400 0 0 0 0
1507680000 0 0 0 0
1507593600 0 0 0 0
1507507200 0 0 0 0
1507420800 0 0 0 0
1507334400 0 0 0 0
1507248000 0 0 0 0
1507161600 0 0 0 0
1507075200 0 0 0 0
1506988800 0 0 0 0
1506902400 0 0 0 0
1506816000 0 0 0 0
1506729600 0 0 0 0
1506643200 0 0 0 0
1506556800 0 0 0 0
1506470400 0 0 0 0
1506384000 0 0 0 0
1506297600 0 0 0 0
1506211200 0 0 0 0
1506124800 0 0 0 0
1506038400 0 0 0 0
1505952000 0 0 0 0
1505865600 0 0 0 0
1505779200 0 0 0 0
1505692800 0 0 0 0
1505606400 0 0 0 0
1505520000 0 0 0 0
1505433600 0 0 0 0
1505347200 0 0 0 0
1505260800 0 0 0 0
1505174400 0 0 0 0
1505088000 0 0 0 0
1505001600 0 0 0 0
1504915200 0 0 0 0
1504828800 0 0 0 0
1504742400 0 0 0 0
1504656000 0 0 0 0
1504569600 0 0 0 0
1504483200 0 0 0 0
1504396800 0 0 0 0
1504310400 0 0 0 0
1504224000 0 0 0 0
1504137600 0 0 0 0
1504051200 0 0 0 0
1503964800 0 0 0 0
1503878400 0 0 0 0
1503792000 0 0 0 0
1503705600 0 0 0 0
1503619200 0 0 0 0
1503532800 0 0 0 0
1503446400 0 0 0 0
1503360000 0 0 0 0
1503273600 0 0 0 0
1503187200 0 0 0 0
1503100800 0 0 0 0
1503014400 0 0 0 0
1502928000 0 0 0 0
1502841600 0 0 0 0
1502755200 0 0 0 0
1502668800 0 0 0 0
1502582400 0 0 0 0
1502496000 0 0 0 0
1502409600 0 0 0 0
1502323200 0 0 0 0
1502236800 0 0 0 0
1502150400 0 0 0 0
1502064000 0 0 0 0
1501977600 0 0 0 0
1501891200 0 0 0 0
1501804800 0 0 0 0
1501718400 0 0 0 0
1501632000 0 0 0 0
1501545600 0 0 0 0
1501459200 0 0 0 0
1501372800 0 0 0 0
1501286400 0 0 0 0
1501200000 0 0 0 0
1501113600 0 0 0 0
1501027200 0 0 0 0
1500940800 0 0 0 0
1500854400 0 0 0 0
1500768000 0 0 0 0
1500681600 0 0 0 0
1500595200 0 0 0 0
1500508800 0 0 0 0
1500422400 0 0 0 0
1500336000 0 0 0 0
1500249600 0 0 0 0
1500163200 0 0 0 0
1500076800 0 0 0 0
1499990400 0 0 0 0
1499904000 0 0 0 0
1499817600 0 0 0 0
1499731200 0 0 0 0
1499644800 0 0 0 0
1499558400 0 0 0 0
1499472000 0 0 0 0
1499385600 0 0 0 0
1499299200 0 0 0 0
1499212800 0 0 0 0
1499126400 0 0 0 0
1499040000 0 0 0 0
1498953600 0 0 0 0
1498867200 0 0 0 0
1498780800 0 0 0 0
1498694400 0 0 0 0
1498608000 0 0 0 0
1498521600 0 0 0 0
1498435200 0 0 0 0
1498348800 0 0 0 0
1498262400 0 0 0 0
1498176000 0 0 0 0
1498089600 0 0 0 0
1498003200 0 0 0 0
1497916800 0 0 0 0
1497830400 0 0 0 0
1497744000 0 0 0 0
1497657600 0 0 0 0
1497571200 0 0 0 0
1497484800 0 0 0 0
1497398400 0 0 0 0
1497312000 0 0 0 0
1497225600 0 0 0 0
1497139200 0 0 0 0
1497052800 0 0 0 0
1496966400 0 0 0 0
1496880000 0 0 0 0
1496793600 0 0 0 0
1496707200 0 0 0 0
1496620800 0 0 0 0
1496534400 0 0 0 0
1496448000 0 0 0 0
1496361600 0 0 0 0
1496275200 0 0 0 0
1496188800 0 0 0 0
1496102400 0 0 0 0
1496016000 0 0 0 0
1495929600 0 0 0 0
1495843200 0 0 0 0
1495756800 0 0 0 0
1495670400 0 0 0 0
1495584000 0 0 0 0
1495497600 0 0 0 0
1495411200 0 0 0 0
1495324800 0 0 0 0
1495238400 0 0 0 0
1495152000 0 0 0 0
1495065600 0 0 0 0
1494979200 0 0 0 0
1494892800 0 0 0 0
1494806400 0 0 0 0
1494720000 0 0 0 0
1494633600 0 0 0 0
1494547200 0 0 0 0
1494460800 0 0 0 0
1494374400 0 0 0 0
1494288000 0 0 0 0
1494201600 0 0 0 0
1494115200 0 0 0 0
1494028800 0 0 0 0
1493942400 0 0 0 0
1493856000 0 0 0 0
1493769600 0 0 0 0
1493683200 0 0 0 0
1493596800 0 0 0 0
1493510400 0 0 0 0
1493424000 0 0 0 0
1493337600 0 0 0 0
1493251200 0 0 0 0
1493164800 0 0 0 0
1493078400 0 0 0 0
1492992000 0 0 0 0
1492905600 0 0 0 0
1492819200 0 0 0 0
1492732800 0 0 0 0
1492646400 0 0 0 0
1492560000 0 0 0 0
1492473600 0 0 0 0
1492387200 0 0 0 0
1492300800 0 0 0 0
1492214400 0 0 0 0
1492128000 0 0 0 0
1492041600 0 0 0 0
1491955200 0 0 0 0
1491868800 0 0 0 0
1491782400 0 0 0 0
1491696000 0 0 0 0
1491609600 0 0 0 0
1491523200 0 0 0 0
1491436800 0 0 0 0
1491350400 0 0 0 0
1491264000 0 0 0 0
1491177600 0 0 0 0
1491091200 0 0 0 0
1491004800 0 0 0 0
1490918400 0 0 0 0
1490832000 0 0 0 0
1490745600 0 0 0 0
1490659200 0 0 0 0
1490572800 0 0 0 0
1490486400 0 0 0 0
1490400000 0 0 0 0
1490313600 0 0 0 0
1490227200 0 0 0 0
1490140800 0 0 0 0
1490054400 0 0 0 0
1489968000 0 0 0 0
1489881600 0 0 0 0
1489795200 0 0 0 0
1489708800 0 0 0 0
1489622400 0 0 0 0
1489536000 0 0 0 0
1489449600 0 0 0 0
1489363200 0 0 0 0
1489276800 0 0 0 0
1489190400 0 0 0 0
1489104000 0 0 0 0
1489017600 0 0 0 0
1488931200 0 0 0 0
1488844800 0 0 0 0
1488758400 0 0 0 0
1488672000 0 0 0 0
1488585600 0 0 0 0
1488499200 0 0 0 0
1488412800 0 0 0 0
1488326400 0 0 0 0
1488240000 0 0 0 0
1488153600 0 0 0 0
1488067200 0 0 0 0
1487980800 0 0 0 0
1487894400 0 0 0 0
1487808000 0 0 0 0
1487721600 0 0 0 0
1487635200 0 0 0 0
1487548800 0 0 0 0
1487462400 0 0 0 0
1487376000 0 0 0 0
1487289600 0 0 0 0
1487203200 0 0 0 0
1487116800 0 0 0 0
1487030400 0 0 0 0
1486944000 0 0 0 0
1486857600 0 0 0 0
1486771200 0 0 0 0
1486684800 0 0 0 0
1486598400 0 0 0 0
1486512000 0 0 0 0
1486425600 0 0 0 0
1486339200 0 0 0 0
1486252800 0 0 0 0
1486166400 0 0 0 0
1486080000 0 0 0 0
1485993600 0 0 0 0
1485907200 0 0 0 0
1485820800 0 0 0 0
1485734400 0 0 0 0
1485648000 0 0 0 0
1485561600 0 0 0 0
1485475200 0 0 0 0
1485388800 0 0 0 0
1485302400 0 0 0 0
1485216000 0 0 0 0
1485129600 0 0 0 0
1485043200 0 0 0 0
1484956800 0 0 0 0
1484870400 0 0 0 0
1484784000 0 0 0 0
1484697600 0 0 0 0
1484611200 0 0 0 0
1484524800 0 0 0 0
1484438400 0 0 0 0
1484352000 0 0 0 0
1484265600 0 0 0 0
1484179200 0 0 0 0
1484092800 0 0 0 0
1484006400 0 0 0 0
1483920000 0 0 0 0
1483833600 0 0 0 0
1483747200 0 0 0 0
1483660800 0 0 0 0
1483574400 0 0 0 0
1483488000 0 0 0 0
1483401600 0 0 0 0
1483315200 0 0 0 0
1483228800 0 0 0 0
1483142400 0 0 0 0
1483056000 0 0 0 0
1482969600 0 0 0 0
1482883200 0 0 0 0
1482796800 0 0 0 0
1482710400 0 0 0 0
1482624000 0 0 0 0
1482537600 0 0 0 0
1482451200 0 0 0 0
1482364800 0 0 0 0
1482278400 0 0 0 0
1482192000 0 0 0 0
1482105600 0 0 0 0
1482019200 0 0 0 0
1481932800 0 0 0 0
1481846400 0 0 0 0
1481760000 0 0 0 0
1481673600 0 0 0 0
1481587200 0 0 0 0
1481500800 0 0 0 0
1481414400 0 0 0 0
1481328000 0 0 0 0
1481241600 0 0 0 0
1481155200 0 0 0 0
1481068800 0 0 0 0
1480982400 0 0 0 0
1480896000 0 0 0 0
1480809600 0 0 0 0
1480723200 0 0 0 0
1480636800 0 0 0 0
1480550400 0 0 0 0
1480464000 0 0 0 0
1480377600 0 0 0 0
1480291200 0 0 0 0
1480204800 0 0 0 0
1480118400 0 0 0 0
1480032000 0 0 0 0
1479945600 0 0 0 0
1479859200 0 0 0 0
1479772800 0 0 0 0
1479686400 0 0 0 0
1479600000 0 0 0 0
1479513600 0 0 0 0
1479427200 0 0 0 0
1479340800 0 0 0 0
1479254400 0 0 0 0
1479168000 0 0 0 0
1479081600 0 0 0 0
1478995200 0 0 0 0
1478908800 0 0 0 0
1478822400 0 0 0 0
1478736000 0 0 0 0
1478649600 0 0 0 0
1478563200 0 0 0 0
1478476800 0 0 0 0
1478390400 0 0 0 0
1478304000 0 0 0 0
1478217600 0 0 0 0
1478131200 0 0 0 0
1478044800 0 0 0 0
1477958400 0 0 0 0
1477872000 0 0 0 0
1477785600 0 0 0 0
1477699200 0 0 0 0
1477612800 0 0 0 0
1477526400 0 0 0 0
1477440000 0 0 0 0
1477353600 0 0 0 0
1477267200 0 0 0 0
1477180800 0 0 0 0
1477094400 0 0 0 0
1477008000 0 0 0 0
1476921600 0 0 0 0
1476835200 0 0 0 0
1476748800 0 0 0 0
1476662400 0 0 0 0
1476576000 0 0 0 0
1476489600 0 0 0 0
1476403200 0 0 0 0
1476316800 0 0 0 0
1476230400 0 0 0 0
1476144000 0 0 0 0
1476057600 0 0 0 0
1475971200 0 0 0 0
1475884800 0 0 0 0
1475798400 0 0 0 0
1475712000 0 0 0 0
1475625600 0 0 0 0
1475539200 0 0 0 0
1475452800 0 0 0 0
1475366400 0 0 0 0
1475280000 0 0 0 0
1475193600 0 0 0 0
1475107200 0 0 0 0
1475020800 0 0 0 0
1474934400 0 0 0 0
1474848000 0 0 0 0
1474761600 0 0 0 0
1474675200 0 0 0 0
1474588800 0 0 0 0
1474502400 0 0 0 0
1474416000 0 0 0 0
1474329600 0 0 0 0
1474243200 0 0 0 0
1474156800 0 0 0 0
1474070400 0 0 0 0
1473984000 0 0 0 0
1473897600 0 0 0 0
1473811200 0 0 0 0
1473724800 0 0 0 0
1473638400 0 0 0 0
1473552000 0 0 0 0
1473465600 0 0 0 0
1473379200 0 0 0 0
1473292800 0 0 0 0
1473206400 0 0 0 0
1473120000 0 0 0 0
1473033600 0 0 0 0
1472947200 0 0 0 0
1472860800 0 0 0 0
1472774400 0 0 0 0
1472688000 0 0 0 0
1472601600 0 0 0 0
1472515200 0 0 0 0
1472428800 0 0 0 0
1472342400 0 0 0 0
1472256000 0 0 0 0
1472169600 0 0 0 0
1472083200 0 0 0 0
1471996800 0 0 0 0
1471910400 0 0 0 0
1471824000 0 0 0 0
1471737600 0 0 0 0
1471651200 0 0 0 0
1471564800 0 0 0 0
1471478400 0 0 0 0
1471392000 0 0 0 0
1471305600 0 0 0 0
1471219200 0 0 0 0
1471132800 0 0 0 0
1471046400 0 0 0 0
1470960000 0 0 0 0
1470873600 0 0 0 0
1470787200 0 0 0 0
1470700800 0 0 0 0
1470614400 0 0 0 0
1470528000 0 0 0 0
1470441600 0 0 0 0
1470355200 0 0 0 0
1470268800 0 0 0 0
1470182400 0 0 0 0
1470096000 0 0 0 0
1470009600 0 0 0 0
1469923200 0 0 0 0
1469836800 0 0 0 0
1469750400 0 0 0 0
1469664000 0 0 0 0
1469577600 0 0 0 0
1469491200 0 0 0 0
1469404800 0 0 0 0
1469318400 0 0 0 0
1469232000 0 0 0 0
1469145600 0 0 0 0
1469059200 0 0 0 0
1468972800 0 0 0 0
1468886400 0 0 0 0
1468800000 0 0 0 0
1468713600 0 0 0 0
1468627200 0 0 0 0
1468540800 0 0 0 0
1468454400 0 0 0 0
1468368000 0 0 0 0
1468281600 0 0 0 0
1468195200 0 0 0 0
1468108800 0 0 0 0
1468022400 0 0 0 0
1467936000 0 0 0 0
1467849600 0 0 0 0
1467763200 0 0 0 0
1467676800 0 0 0 0
1467590400 0 0 0 0
1467504000 0 0 0 0
1467417600 0 0 0 0
1467331200 0 0 0 0
1467244800 0 0 0 0
1467158400 0 0 0 0
1467072000 0 0 0 0
1466985600 0 0 0 0
1466899200 0 0 0 0
1466812800 0 0 0 0
1466726400 0 0 0 0
1466640000 0 0 0 0
1466553600 0 0 0 0
1466467200 0 0 0 0
1466380800 0 0 0 0
1466294400 0 0 0 0
1466208000 0 0 0 0
1466121600 0 0 0 0
1466035200 0 0 0 0
1465948800 0 0 0 0
1465862400 0 0 0 0
1465776000 0 0 0 0
1465689600 0 0 0 0
1465603200 0 0 0 0
1465516800 0 0 0 0
1465430400 0 0 0 0
1465344000 0 0 0 0
1465257600 0 0 0 0
1465171200 0 0 0 0
1465084800 0 0 0 0
1464998400 0 0 0 0
1464912000 0 0 0 0
1464825600 0 0 0 0
1464739200 0 0 0 0
1464652800 0 0 0 0
1464566400 0 0 0 0
1464480000 0 0 0 0
1464393600 0 0 0 0
1464307200 0 0 0 0
1464220800 0 0 0 0
1464134400 0 0 0 0
1464048000 0 0 0 0
1463961600 0 0 0 0
1463875200 0 0 0 0
1463788800 0 0 0 0
1463702400 0 0 0 0
1463616000 0 0 0 0
1463529600 0 0 0 0
1463443200 0 0 0 0
1463356800 0 0 0 0
1463270400 0 0 0 0
1463184000 0 0 0 0
1463097600 0 0 0 0
1463011200 0 0 0 0
1462924800 0 0 0 0
1462838400 0 0 0 0
1462752000 0 0 0 0
1462665600 0 0 0 0
1462579200 0 0 0 0
1462492800 0 0 0 0
1462406400 0 0 0 0
1462320000 0 0 0 0
1462233600 0 0 0 0
1462147200 0 0 0 0
1462060800 0 0 0 0
1461974400 0 0 0 0
1461888000 0 0 0 0
1461801600 0 0 0 0
1461715200 0 0 0 0
1461628800 0 0 0 0
1461542400 0 0 0 0
1461456000 0 0 0 0
1461369600 0 0 0 0
1461283200 0 0 0 0
1461196800 0 0 0 0
1461110400 0 0 0 0
1461024000 0 0 0 0
1460937600 0 0 0 0
1460851200 0 0 0 0
1460764800 0 0 0 0
1460678400 0 0 0 0
1460592000 0 0 0 0
1460505600 0 0 0 0
1460419200 0 0 0 0
1460332800 0 0 0 0
1460246400 0 0 0 0
1460160000 0 0 0 0
1460073600 0 0 0 0
1459987200 0 0 0 0
1459900800 0 0 0 0
1459814400 0 0 0 0
1459728000 0 0 0 0
1459641600 0 0 0 0
1459555200 0 0 0 0
1459468800 0 0 0 0
1459382400 0 0 0 0
1459296000 0 0 0 0
1459209600 0 0 0 0
1459123200 0 0 0 0
1459036800 0 0 0 0
1458950400 0 0 0 0
1458864000 0 0 0 0
1458777600 0 0 0 0
1458691200 0 0 0 0
1458604800 0 0 0 0
1458518400 0 0 0 0
1458432000 0 0 0 0
1458345600 0 0 0 0
1458259200 0 0 0 0
1458172800 0 0 0 0
1458086400 0 0 0 0
1458000000 0 0 0 0
1457913600 0 0 0 0
1457827200 0 0 0 0
1457740800 0 0 0 0
1457654400 0 0 0 0
1457568000 0 0 0 0
1457481600 0 0 0 0
1457395200 0 0 0 0
1457308800 0 0 0 0
1457222400 0 0 0 0
1457136000 0 0 0 0
1457049600 0 0 0 0
1456963200 0 0 0 0
1456876800 0 0 0 0
1456790400 0 0 0 0
1456704000 0 0 0 0
1456617600 0 0 0 0
1456531200 0 0 0 0
1456444800 0 0 0 0
1456358400 0 0 0 0
1456272000 0 0 0 0
1456185600 0 0 0 0
1456099200 0 0 0 0
1456012800 0 0 0 0
1455926400 0 0 0 0
1455840000 0 0 0 0
1455753600 0 0 0 0
1455667200 0 0 0 0
1455580800 0 0 0 0
1455494400 0 0 0 0
1455408000 0 0 0 0
1455321600 0 0 0 0
1455235200 0 0 0 0
1455148800 0 0 0 0
1455062400 0 0 0 0
1454976000 0 0 0 0
1454889600 0 0 0 0
1454803200 0 0 0 0
1454716800 0 0 0 0
1454630400 0 0 0 0
1454544000 0 0 0 0
1454457600 0 0 0 0
1454371200 0 0 0 0
1454284800 0 0 0 0
1454198400 0 0 0 0
1454112000 0 0 0 0
1454025600 0 0 0 0
1453939200 0 0 0 0
1453852800 0 0 0 0
1453766400 0 0 0 0
1453680000 0 0 0 0
1453593600 0 0 0 0
1453507200 0 0 0 0
1453420800 0 0 0 0
1453334400 0 0 0 0
1453248000 0 0 0 0
1453161600 0 0 0 0
1453075200 0 0 0 0
1452988800 0 0 0 0
1452902400 0 0 0 0
1452816000 0 0 0 0
1452729600 0 0 0 0
1452643200 0 0 0 0
1452556800 0 0 0 0
1452470400 0 0 0 0
1452384000 0 0 0 0
1452297600 0 0 0 0
1452211200 0 0 0 0
1452124800 0 0 0 0
1452038400 0 0 0 0
1451952000 0 0 0 0
1451865600 0 0 0 0
1451779200 0 0 0 0
1451692800 0 0 0 0
1451606400 0 0 0 0
1451520000 0 0 0 0
